<?xml version="1.0" encoding="utf-8"?><testsuites name="pytest tests"><testsuite name="pytest" errors="17" failures="5" skipped="0" tests="55" time="14.832" timestamp="2026-04-21T16:32:04.392644+00:00" hostname="agent-env-ac06bae3-ec33-4c06-881b-19ed09e45190"><testcase classname="backend.tests.backend_test.TestAuth" name="test_login_success" time="0.362" /><testcase classname="backend.tests.backend_test.TestAuth" name="test_login_wrong_password" time="0.280" /><testcase classname="backend.tests.backend_test.TestAuth" name="test_login_unknown_email" time="0.052" /><testcase classname="backend.tests.backend_test.TestAuth" name="test_get_me_with_valid_token" time="0.330" /><testcase classname="backend.tests.backend_test.TestAuth" name="test_get_me_missing_token" time="0.139" /><testcase classname="backend.tests.backend_test.TestAuth" name="test_get_me_invalid_token" time="0.134" /><testcase classname="backend.tests.backend_test.TestUserManagement" name="test_register_new_user" time="0.331" /><testcase classname="backend.tests.backend_test.TestUserManagement" name="test_register_duplicate_email" time="0.052" /><testcase classname="backend.tests.backend_test.TestUserManagement" name="test_register_requires_admin_no_token" time="0.052" /><testcase classname="backend.tests.backend_test.TestUserManagement" name="test_register_viewer_forbidden" time="0.626" /><testcase classname="backend.tests.backend_test.TestUserManagement" name="test_register_editor_forbidden" time="0.683" /><testcase classname="backend.tests.backend_test.TestUserManagement" name="test_list_users_requires_permission" time="0.062" /><testcase classname="backend.tests.backend_test.TestUserManagement" name="test_list_users_admin" time="0.063" /><testcase classname="backend.tests.backend_test.TestUserManagement" name="test_update_role_and_delete" time="0.554" /><testcase classname="backend.tests.backend_test.TestUserManagement" name="test_update_role_viewer_forbidden" time="0.065" /><testcase classname="backend.tests.backend_test.TestArticles" name="test_list_articles_public" time="0.055"><error message="failed on setup with &quot;assert 500 == 200&#10; +  where 500 = &lt;Response [500]&gt;.status_code&quot;">E   assert 500 == 200
     +  where 500 = &lt;Response [500]&gt;.status_code</error></testcase><testcase classname="backend.tests.backend_test.TestArticles" name="test_get_article_public_increments_views" time="0.000"><error message="failed on setup with &quot;assert 500 == 200&#10; +  where 500 = &lt;Response [500]&gt;.status_code&quot;">E   assert 500 == 200
     +  where 500 = &lt;Response [500]&gt;.status_code</error></testcase><testcase classname="backend.tests.backend_test.TestArticles" name="test_update_article_requires_admin" time="0.000"><error message="failed on setup with &quot;assert 500 == 200&#10; +  where 500 = &lt;Response [500]&gt;.status_code&quot;">E   assert 500 == 200
     +  where 500 = &lt;Response [500]&gt;.status_code</error></testcase><testcase classname="backend.tests.backend_test.TestArticles" name="test_click_public_and_analytics_admin" time="0.000"><error message="failed on setup with &quot;assert 500 == 200&#10; +  where 500 = &lt;Response [500]&gt;.status_code&quot;">E   assert 500 == 200
     +  where 500 = &lt;Response [500]&gt;.status_code</error></testcase><testcase classname="backend.tests.backend_test.TestArticles" name="test_standalone_image_upload_admin" time="0.127"><failure message="assert 200 in (401, 403)&#10; +  where 200 = &lt;Response [200]&gt;.status_code">E   assert 200 in (401, 403)
     +  where 200 = &lt;Response [200]&gt;.status_code</failure></testcase><testcase classname="backend.tests.backend_test.TestArticles" name="test_article_image_upload_attaches_admin" time="0.000"><error message="failed on setup with &quot;assert 500 == 200&#10; +  where 500 = &lt;Response [500]&gt;.status_code&quot;">E   assert 500 == 200
     +  where 500 = &lt;Response [500]&gt;.status_code</error></testcase><testcase classname="backend.tests.backend_test.TestArticles" name="test_delete_article_requires_admin_and_cascades" time="0.052"><failure message="requests.exceptions.JSONDecodeError: Expecting value: line 1 column 1 (char 0)">E   json.decoder.JSONDecodeError: Expecting value: line 1 column 1 (char 0)

During handling of the above exception, another exception occurred:
E   requests.exceptions.JSONDecodeError: Expecting value: line 1 column 1 (char 0)</failure></testcase><testcase classname="backend.tests.backend_test.TestArticleApproval" name="test_public_create_saves_approved_false" time="0.058"><error message="failed on setup with &quot;assert 500 == 200&#10; +  where 500 = &lt;Response [500]&gt;.status_code&quot;">E   assert 500 == 200
     +  where 500 = &lt;Response [500]&gt;.status_code</error></testcase><testcase classname="backend.tests.backend_test.TestArticleApproval" name="test_public_list_excludes_unapproved" time="0.052"><error message="failed on setup with &quot;assert 500 == 200&#10; +  where 500 = &lt;Response [500]&gt;.status_code&quot;">E   assert 500 == 200
     +  where 500 = &lt;Response [500]&gt;.status_code</error></testcase><testcase classname="backend.tests.backend_test.TestArticleApproval" name="test_public_get_unapproved_returns_404" time="0.069"><error message="failed on setup with &quot;assert 500 == 200&#10; +  where 500 = &lt;Response [500]&gt;.status_code&quot;">E   assert 500 == 200
     +  where 500 = &lt;Response [500]&gt;.status_code</error></testcase><testcase classname="backend.tests.backend_test.TestArticleApproval" name="test_approved_only_false_flag" time="0.049"><error message="failed on setup with &quot;assert 500 == 200&#10; +  where 500 = &lt;Response [500]&gt;.status_code&quot;">E   assert 500 == 200
     +  where 500 = &lt;Response [500]&gt;.status_code</error></testcase><testcase classname="backend.tests.backend_test.TestArticleApproval" name="test_pending_endpoint_requires_admin" time="0.059"><error message="failed on setup with &quot;assert 500 == 200&#10; +  where 500 = &lt;Response [500]&gt;.status_code&quot;">E   assert 500 == 200
     +  where 500 = &lt;Response [500]&gt;.status_code</error></testcase><testcase classname="backend.tests.backend_test.TestArticleApproval" name="test_admin_all_requires_admin" time="0.057"><error message="failed on setup with &quot;assert 500 == 200&#10; +  where 500 = &lt;Response [500]&gt;.status_code&quot;">E   assert 500 == 200
     +  where 500 = &lt;Response [500]&gt;.status_code</error></testcase><testcase classname="backend.tests.backend_test.TestArticleApproval" name="test_approve_requires_admin_and_flips_visibility" time="0.113"><error message="failed on setup with &quot;assert 500 == 200&#10; +  where 500 = &lt;Response [500]&gt;.status_code&quot;">E   assert 500 == 200
     +  where 500 = &lt;Response [500]&gt;.status_code</error></testcase><testcase classname="backend.tests.backend_test.TestArticleApproval" name="test_round_trip_edit_unapproves" time="0.058"><error message="failed on setup with &quot;assert 500 == 200&#10; +  where 500 = &lt;Response [500]&gt;.status_code&quot;">E   assert 500 == 200
     +  where 500 = &lt;Response [500]&gt;.status_code</error></testcase><testcase classname="backend.tests.backend_test.TestComments" name="test_create_comment_pending_public" time="0.062"><error message="failed on setup with &quot;requests.exceptions.JSONDecodeError: Expecting value: line 1 column 1 (char 0)&quot;">E   json.decoder.JSONDecodeError: Expecting value: line 1 column 1 (char 0)

During handling of the above exception, another exception occurred:
E   requests.exceptions.JSONDecodeError: Expecting value: line 1 column 1 (char 0)</error></testcase><testcase classname="backend.tests.backend_test.TestComments" name="test_list_public_approved_only_default" time="0.000"><error message="failed on setup with &quot;requests.exceptions.JSONDecodeError: Expecting value: line 1 column 1 (char 0)&quot;">E   json.decoder.JSONDecodeError: Expecting value: line 1 column 1 (char 0)

During handling of the above exception, another exception occurred:
E   requests.exceptions.JSONDecodeError: Expecting value: line 1 column 1 (char 0)</error></testcase><testcase classname="backend.tests.backend_test.TestComments" name="test_approve_and_delete_admin" time="0.000"><error message="failed on setup with &quot;requests.exceptions.JSONDecodeError: Expecting value: line 1 column 1 (char 0)&quot;">E   json.decoder.JSONDecodeError: Expecting value: line 1 column 1 (char 0)

During handling of the above exception, another exception occurred:
E   requests.exceptions.JSONDecodeError: Expecting value: line 1 column 1 (char 0)</error></testcase><testcase classname="backend.tests.backend_test.TestComments" name="test_pending_all_admin" time="0.320" /><testcase classname="backend.tests.backend_test.TestComments" name="test_comment_disabled_returns_403" time="0.055"><error message="failed on setup with &quot;requests.exceptions.JSONDecodeError: Expecting value: line 1 column 1 (char 0)&quot;">E   json.decoder.JSONDecodeError: Expecting value: line 1 column 1 (char 0)

During handling of the above exception, another exception occurred:
E   requests.exceptions.JSONDecodeError: Expecting value: line 1 column 1 (char 0)</error></testcase><testcase classname="backend.tests.backend_test.TestSponsors" name="test_list_public" time="0.125" /><testcase classname="backend.tests.backend_test.TestSponsors" name="test_create_requires_admin" time="0.268" /><testcase classname="backend.tests.backend_test.TestSponsors" name="test_sponsor_full_admin_crud" time="1.103" /><testcase classname="backend.tests.backend_test.TestArt" name="test_art_flow_admin_guards" time="1.687" /><testcase classname="backend.tests.backend_test.TestPopups" name="test_popup_flow_admin_guards" time="1.366" /><testcase classname="backend.tests.backend_test.TestMural" name="test_pricing_config_public" time="0.125" /><testcase classname="backend.tests.backend_test.TestMural" name="test_mural_flow_with_admin_guards" time="0.246"><failure message="assert 409 == 200&#10; +  where 409 = &lt;Response [409]&gt;.status_code">E   assert 409 == 200
     +  where 409 = &lt;Response [409]&gt;.status_code</failure></testcase><testcase classname="backend.tests.backend_test.TestMural" name="test_mural_invalid_tier_defaults_to_plain" time="0.194" /><testcase classname="backend.tests.backend_test.TestMuralExpiry" name="test_create_pending_has_null_expires_at" time="0.215" /><testcase classname="backend.tests.backend_test.TestMuralExpiry" name="test_approve_sets_expires_at_30_days" time="0.600" /><testcase classname="backend.tests.backend_test.TestMuralExpiry" name="test_expired_excluded_from_public_included_with_flag" time="0.486" /><testcase classname="backend.tests.backend_test.TestMuralExpiry" name="test_extend_admin_only_and_resets_expiry" time="1.485" /><testcase classname="backend.tests.backend_test.TestMuralExpiry" name="test_extend_nonexistent_returns_404" time="0.057" /><testcase classname="backend.tests.backend_test.TestMuralExpiry" name="test_no_objectid_in_any_mural_response" time="0.794" /><testcase classname="backend.tests.backend_test.TestEmailSilentFail" name="test_article_create_returns_success_regardless_of_email" time="0.134"><failure message="AssertionError: Internal Server Error&#10;assert 500 == 200&#10; +  where 500 = &lt;Response [500]&gt;.status_code">E   AssertionError: Internal Server Error
    assert 500 == 200
     +  where 500 = &lt;Response [500]&gt;.status_code</failure></testcase><testcase classname="backend.tests.backend_test.TestEmailSilentFail" name="test_comment_create_returns_success_regardless_of_email" time="0.055"><failure message="requests.exceptions.JSONDecodeError: Expecting value: line 1 column 1 (char 0)">E   json.decoder.JSONDecodeError: Expecting value: line 1 column 1 (char 0)

During handling of the above exception, another exception occurred:
E   requests.exceptions.JSONDecodeError: Expecting value: line 1 column 1 (char 0)</failure></testcase><testcase classname="backend.tests.backend_test.TestEmailSilentFail" name="test_art_create_returns_success_regardless_of_email" time="0.165" /><testcase classname="backend.tests.backend_test.TestEmailSilentFail" name="test_mural_create_returns_success_regardless_of_email" time="0.185" /><testcase classname="backend.tests.backend_test.TestUploads" name="test_upload_and_fetch_admin" time="0.263" /><testcase classname="backend.tests.backend_test.TestUploads" name="test_upload_nonexistent" time="0.131" /></testsuite></testsuites>