<?xml version="1.0" encoding="utf-8"?><testsuites name="pytest tests"><testsuite name="pytest" errors="0" failures="0" skipped="0" tests="9" time="5.586" timestamp="2026-04-21T14:51:14.301569+00:00" hostname="agent-env-ac06bae3-ec33-4c06-881b-19ed09e45190"><testcase classname="backend.tests.backend_test.TestMural" name="test_pricing_config_public" time="0.190" /><testcase classname="backend.tests.backend_test.TestMural" name="test_mural_flow_with_admin_guards" time="2.215" /><testcase classname="backend.tests.backend_test.TestMural" name="test_mural_invalid_tier_defaults_to_plain" time="0.222" /><testcase classname="backend.tests.backend_test.TestMuralExpiry" name="test_create_pending_has_null_expires_at" time="0.178" /><testcase classname="backend.tests.backend_test.TestMuralExpiry" name="test_approve_sets_expires_at_30_days" time="0.453" /><testcase classname="backend.tests.backend_test.TestMuralExpiry" name="test_expired_excluded_from_public_included_with_flag" time="0.522" /><testcase classname="backend.tests.backend_test.TestMuralExpiry" name="test_extend_admin_only_and_resets_expiry" time="0.972" /><testcase classname="backend.tests.backend_test.TestMuralExpiry" name="test_extend_nonexistent_returns_404" time="0.057" /><testcase classname="backend.tests.backend_test.TestMuralExpiry" name="test_no_objectid_in_any_mural_response" time="0.578" /></testsuite></testsuites>