<?xml version="1.0" encoding="utf-8"?><testsuites name="pytest tests"><testsuite name="pytest" errors="0" failures="0" skipped="0" tests="49" time="17.300" timestamp="2026-04-21T14:42:17.876298+00:00" hostname="agent-env-ac06bae3-ec33-4c06-881b-19ed09e45190"><testcase classname="backend.tests.backend_test.TestAuth" name="test_login_success" time="0.417" /><testcase classname="backend.tests.backend_test.TestAuth" name="test_login_wrong_password" time="0.274" /><testcase classname="backend.tests.backend_test.TestAuth" name="test_login_unknown_email" time="0.050" /><testcase classname="backend.tests.backend_test.TestAuth" name="test_get_me_with_valid_token" time="0.365" /><testcase classname="backend.tests.backend_test.TestAuth" name="test_get_me_missing_token" time="0.128" /><testcase classname="backend.tests.backend_test.TestAuth" name="test_get_me_invalid_token" time="0.101" /><testcase classname="backend.tests.backend_test.TestUserManagement" name="test_register_new_user" time="0.330" /><testcase classname="backend.tests.backend_test.TestUserManagement" name="test_register_duplicate_email" time="0.050" /><testcase classname="backend.tests.backend_test.TestUserManagement" name="test_register_requires_admin_no_token" time="0.052" /><testcase classname="backend.tests.backend_test.TestUserManagement" name="test_register_viewer_forbidden" time="0.671" /><testcase classname="backend.tests.backend_test.TestUserManagement" name="test_register_editor_forbidden" time="0.619" /><testcase classname="backend.tests.backend_test.TestUserManagement" name="test_list_users_requires_permission" time="0.044" /><testcase classname="backend.tests.backend_test.TestUserManagement" name="test_list_users_admin" time="0.046" /><testcase classname="backend.tests.backend_test.TestUserManagement" name="test_update_role_and_delete" time="0.504" /><testcase classname="backend.tests.backend_test.TestUserManagement" name="test_update_role_viewer_forbidden" time="0.055" /><testcase classname="backend.tests.backend_test.TestArticles" name="test_list_articles_public" time="0.256" /><testcase classname="backend.tests.backend_test.TestArticles" name="test_get_article_public_increments_views" time="0.233" /><testcase classname="backend.tests.backend_test.TestArticles" name="test_update_article_requires_admin" time="0.415" /><testcase classname="backend.tests.backend_test.TestArticles" name="test_click_public_and_analytics_admin" time="0.422" /><testcase classname="backend.tests.backend_test.TestArticles" name="test_standalone_image_upload_admin" time="0.528" /><testcase classname="backend.tests.backend_test.TestArticles" name="test_article_image_upload_attaches_admin" time="0.425" /><testcase classname="backend.tests.backend_test.TestArticles" name="test_delete_article_requires_admin_and_cascades" time="0.581" /><testcase classname="backend.tests.backend_test.TestArticleApproval" name="test_public_create_saves_approved_false" time="0.114" /><testcase classname="backend.tests.backend_test.TestArticleApproval" name="test_public_list_excludes_unapproved" time="0.229" /><testcase classname="backend.tests.backend_test.TestArticleApproval" name="test_public_get_unapproved_returns_404" time="0.247" /><testcase classname="backend.tests.backend_test.TestArticleApproval" name="test_approved_only_false_flag" time="0.211" /><testcase classname="backend.tests.backend_test.TestArticleApproval" name="test_pending_endpoint_requires_admin" time="0.357" /><testcase classname="backend.tests.backend_test.TestArticleApproval" name="test_admin_all_requires_admin" time="0.382" /><testcase classname="backend.tests.backend_test.TestArticleApproval" name="test_approve_requires_admin_and_flips_visibility" time="0.603" /><testcase classname="backend.tests.backend_test.TestArticleApproval" name="test_round_trip_edit_unapproves" time="0.593" /><testcase classname="backend.tests.backend_test.TestComments" name="test_create_comment_pending_public" time="0.159" /><testcase classname="backend.tests.backend_test.TestComments" name="test_list_public_approved_only_default" time="0.125" /><testcase classname="backend.tests.backend_test.TestComments" name="test_approve_and_delete_admin" time="0.745" /><testcase classname="backend.tests.backend_test.TestComments" name="test_pending_all_admin" time="0.278" /><testcase classname="backend.tests.backend_test.TestComments" name="test_comment_disabled_returns_403" time="0.268" /><testcase classname="backend.tests.backend_test.TestSponsors" name="test_list_public" time="0.101" /><testcase classname="backend.tests.backend_test.TestSponsors" name="test_create_requires_admin" time="0.214" /><testcase classname="backend.tests.backend_test.TestSponsors" name="test_sponsor_full_admin_crud" time="0.675" /><testcase classname="backend.tests.backend_test.TestArt" name="test_art_flow_admin_guards" time="1.344" /><testcase classname="backend.tests.backend_test.TestPopups" name="test_popup_flow_admin_guards" time="1.207" /><testcase classname="backend.tests.backend_test.TestMural" name="test_pricing_config_public" time="0.107" /><testcase classname="backend.tests.backend_test.TestMural" name="test_mural_flow_with_admin_guards" time="1.389" /><testcase classname="backend.tests.backend_test.TestMural" name="test_mural_invalid_tier_defaults_to_plain" time="0.155" /><testcase classname="backend.tests.backend_test.TestEmailSilentFail" name="test_article_create_returns_success_regardless_of_email" time="0.148" /><testcase classname="backend.tests.backend_test.TestEmailSilentFail" name="test_comment_create_returns_success_regardless_of_email" time="0.226" /><testcase classname="backend.tests.backend_test.TestEmailSilentFail" name="test_art_create_returns_success_regardless_of_email" time="0.176" /><testcase classname="backend.tests.backend_test.TestEmailSilentFail" name="test_mural_create_returns_success_regardless_of_email" time="0.160" /><testcase classname="backend.tests.backend_test.TestUploads" name="test_upload_and_fetch_admin" time="0.225" /><testcase classname="backend.tests.backend_test.TestUploads" name="test_upload_nonexistent" time="0.131" /></testsuite></testsuites>