<?xml version="1.0" encoding="utf-8"?><testsuites name="pytest tests"><testsuite name="pytest" errors="0" failures="0" skipped="0" tests="12" time="4.138" timestamp="2026-04-21T16:38:08.343446+00:00" hostname="agent-env-ac06bae3-ec33-4c06-881b-19ed09e45190"><testcase classname="backend.tests.test_pexels.TestPexelsSearch" name="test_search_returns_photos" time="0.318" /><testcase classname="backend.tests.test_pexels.TestPexelsSearch" name="test_search_missing_q_400_or_422" time="0.141" /><testcase classname="backend.tests.test_pexels.TestPexelsImport" name="test_import_success_articles" time="0.661" /><testcase classname="backend.tests.test_pexels.TestPexelsImport" name="test_import_success_all_targets[spotlight]" time="0.237" /><testcase classname="backend.tests.test_pexels.TestPexelsImport" name="test_import_success_all_targets[school]" time="0.409" /><testcase classname="backend.tests.test_pexels.TestPexelsImport" name="test_import_success_all_targets[art]" time="0.230" /><testcase classname="backend.tests.test_pexels.TestPexelsImport" name="test_import_success_all_targets[sponsors]" time="0.220" /><testcase classname="backend.tests.test_pexels.TestPexelsImport" name="test_import_rejects_non_https" time="0.143" /><testcase classname="backend.tests.test_pexels.TestPexelsImport" name="test_import_rejects_invalid_target" time="0.153" /><testcase classname="backend.tests.test_pexels.TestArtAcceptsImageUrl" name="test_create_art_with_image_url_persists" time="0.913" /><testcase classname="backend.tests.test_pexels.TestArtAcceptsImageUrl" name="test_create_art_without_image_url_still_works" time="0.236" /><testcase classname="backend.tests.test_pexels.TestSpotlightAcceptsImageUrl" name="test_submit_spotlight_with_image_url_persists" time="0.406" /></testsuite></testsuites>