<?xml version="1.0" encoding="utf-8"?><testsuites name="pytest tests"><testsuite name="pytest" errors="0" failures="2" skipped="0" tests="55" time="20.669" timestamp="2026-04-21T16:38:25.856965+00:00" hostname="agent-env-ac06bae3-ec33-4c06-881b-19ed09e45190"><testcase classname="backend.tests.backend_test.TestAuth" name="test_login_success" time="0.379" /><testcase classname="backend.tests.backend_test.TestAuth" name="test_login_wrong_password" time="0.285" /><testcase classname="backend.tests.backend_test.TestAuth" name="test_login_unknown_email" time="0.071" /><testcase classname="backend.tests.backend_test.TestAuth" name="test_get_me_with_valid_token" time="0.352" /><testcase classname="backend.tests.backend_test.TestAuth" name="test_get_me_missing_token" time="0.112" /><testcase classname="backend.tests.backend_test.TestAuth" name="test_get_me_invalid_token" time="0.117" /><testcase classname="backend.tests.backend_test.TestUserManagement" name="test_register_new_user" time="0.350" /><testcase classname="backend.tests.backend_test.TestUserManagement" name="test_register_duplicate_email" time="0.055" /><testcase classname="backend.tests.backend_test.TestUserManagement" name="test_register_requires_admin_no_token" time="0.058" /><testcase classname="backend.tests.backend_test.TestUserManagement" name="test_register_viewer_forbidden" time="0.637" /><testcase classname="backend.tests.backend_test.TestUserManagement" name="test_register_editor_forbidden" time="0.626" /><testcase classname="backend.tests.backend_test.TestUserManagement" name="test_list_users_requires_permission" time="0.058" /><testcase classname="backend.tests.backend_test.TestUserManagement" name="test_list_users_admin" time="0.064" /><testcase classname="backend.tests.backend_test.TestUserManagement" name="test_update_role_and_delete" time="0.552" /><testcase classname="backend.tests.backend_test.TestUserManagement" name="test_update_role_viewer_forbidden" time="0.065" /><testcase classname="backend.tests.backend_test.TestArticles" name="test_list_articles_public" time="0.255" /><testcase classname="backend.tests.backend_test.TestArticles" name="test_get_article_public_increments_views" time="0.255" /><testcase classname="backend.tests.backend_test.TestArticles" name="test_update_article_requires_admin" time="0.514" /><testcase classname="backend.tests.backend_test.TestArticles" name="test_click_public_and_analytics_admin" time="0.569" /><testcase classname="backend.tests.backend_test.TestArticles" name="test_standalone_image_upload_admin" time="0.114"><failure message="assert 200 in (401, 403)&#10; +  where 200 = &lt;Response [200]&gt;.status_code">backend/tests/backend_test.py:316: in test_standalone_image_upload_admin
    assert r_no.status_code in (401, 403)
E   assert 200 in (401, 403)
E    +  where 200 = &lt;Response [200]&gt;.status_code</failure></testcase><testcase classname="backend.tests.backend_test.TestArticles" name="test_article_image_upload_attaches_admin" time="0.381" /><testcase classname="backend.tests.backend_test.TestArticles" name="test_delete_article_requires_admin_and_cascades" time="0.591" /><testcase classname="backend.tests.backend_test.TestArticleApproval" name="test_public_create_saves_approved_false" time="0.122" /><testcase classname="backend.tests.backend_test.TestArticleApproval" name="test_public_list_excludes_unapproved" time="0.261" /><testcase classname="backend.tests.backend_test.TestArticleApproval" name="test_public_get_unapproved_returns_404" time="0.249" /><testcase classname="backend.tests.backend_test.TestArticleApproval" name="test_approved_only_false_flag" time="0.309" /><testcase classname="backend.tests.backend_test.TestArticleApproval" name="test_pending_endpoint_requires_admin" time="0.404" /><testcase classname="backend.tests.backend_test.TestArticleApproval" name="test_admin_all_requires_admin" time="0.429" /><testcase classname="backend.tests.backend_test.TestArticleApproval" name="test_approve_requires_admin_and_flips_visibility" time="0.638" /><testcase classname="backend.tests.backend_test.TestArticleApproval" name="test_round_trip_edit_unapproves" time="0.845" /><testcase classname="backend.tests.backend_test.TestComments" name="test_create_comment_pending_public" time="0.195" /><testcase classname="backend.tests.backend_test.TestComments" name="test_list_public_approved_only_default" time="0.153" /><testcase classname="backend.tests.backend_test.TestComments" name="test_approve_and_delete_admin" time="0.724" /><testcase classname="backend.tests.backend_test.TestComments" name="test_pending_all_admin" time="0.354" /><testcase classname="backend.tests.backend_test.TestComments" name="test_comment_disabled_returns_403" time="0.333" /><testcase classname="backend.tests.backend_test.TestSponsors" name="test_list_public" time="0.120" /><testcase classname="backend.tests.backend_test.TestSponsors" name="test_create_requires_admin" time="0.228" /><testcase classname="backend.tests.backend_test.TestSponsors" name="test_sponsor_full_admin_crud" time="0.798" /><testcase classname="backend.tests.backend_test.TestArt" name="test_art_flow_admin_guards" time="1.478" /><testcase classname="backend.tests.backend_test.TestPopups" name="test_popup_flow_admin_guards" time="1.279" /><testcase classname="backend.tests.backend_test.TestMural" name="test_pricing_config_public" time="0.133" /><testcase classname="backend.tests.backend_test.TestMural" name="test_mural_flow_with_admin_guards" time="0.294"><failure message="assert 409 == 200&#10; +  where 409 = &lt;Response [409]&gt;.status_code">backend/tests/backend_test.py:751: in test_mural_flow_with_admin_guards
    assert f.status_code == 200
E   assert 409 == 200
E    +  where 409 = &lt;Response [409]&gt;.status_code</failure></testcase><testcase classname="backend.tests.backend_test.TestMural" name="test_mural_invalid_tier_defaults_to_plain" time="0.180" /><testcase classname="backend.tests.backend_test.TestMuralExpiry" name="test_create_pending_has_null_expires_at" time="0.199" /><testcase classname="backend.tests.backend_test.TestMuralExpiry" name="test_approve_sets_expires_at_30_days" time="0.479" /><testcase classname="backend.tests.backend_test.TestMuralExpiry" name="test_expired_excluded_from_public_included_with_flag" time="0.689" /><testcase classname="backend.tests.backend_test.TestMuralExpiry" name="test_extend_admin_only_and_resets_expiry" time="1.088" /><testcase classname="backend.tests.backend_test.TestMuralExpiry" name="test_extend_nonexistent_returns_404" time="0.063" /><testcase classname="backend.tests.backend_test.TestMuralExpiry" name="test_no_objectid_in_any_mural_response" time="0.684" /><testcase classname="backend.tests.backend_test.TestEmailSilentFail" name="test_article_create_returns_success_regardless_of_email" time="0.197" /><testcase classname="backend.tests.backend_test.TestEmailSilentFail" name="test_comment_create_returns_success_regardless_of_email" time="0.255" /><testcase classname="backend.tests.backend_test.TestEmailSilentFail" name="test_art_create_returns_success_regardless_of_email" time="0.168" /><testcase classname="backend.tests.backend_test.TestEmailSilentFail" name="test_mural_create_returns_success_regardless_of_email" time="0.208" /><testcase classname="backend.tests.backend_test.TestUploads" name="test_upload_and_fetch_admin" time="0.339" /><testcase classname="backend.tests.backend_test.TestUploads" name="test_upload_nonexistent" time="0.117" /></testsuite></testsuites>