<?xml version="1.0" encoding="utf-8"?><testsuites name="pytest tests"><testsuite name="pytest" errors="0" failures="1" skipped="0" tests="33" time="8.330" timestamp="2026-04-21T14:02:45.247904+00:00" hostname="agent-env-ac06bae3-ec33-4c06-881b-19ed09e45190"><testcase classname="backend.tests.backend_test.TestAuth" name="test_login_success" time="0.552" /><testcase classname="backend.tests.backend_test.TestAuth" name="test_login_wrong_password" time="0.299" /><testcase classname="backend.tests.backend_test.TestAuth" name="test_login_unknown_email" time="0.096" /><testcase classname="backend.tests.backend_test.TestAuth" name="test_get_me_with_valid_token" time="0.400" /><testcase classname="backend.tests.backend_test.TestAuth" name="test_get_me_missing_token" time="0.123" /><testcase classname="backend.tests.backend_test.TestAuth" name="test_get_me_invalid_token" time="0.136" /><testcase classname="backend.tests.backend_test.TestUserManagement" name="test_register_new_user" time="0.614" /><testcase classname="backend.tests.backend_test.TestUserManagement" name="test_register_duplicate_email" time="0.049" /><testcase classname="backend.tests.backend_test.TestUserManagement" name="test_list_users_requires_permission" time="0.650" /><testcase classname="backend.tests.backend_test.TestUserManagement" name="test_list_users_admin" time="0.050" /><testcase classname="backend.tests.backend_test.TestUserManagement" name="test_update_role_and_delete" time="0.487" /><testcase classname="backend.tests.backend_test.TestUserManagement" name="test_update_role_viewer_forbidden" time="0.053" /><testcase classname="backend.tests.backend_test.TestArticles" name="test_list_articles" time="0.109" /><testcase classname="backend.tests.backend_test.TestArticles" name="test_get_article_increments_views" time="0.116" /><testcase classname="backend.tests.backend_test.TestArticles" name="test_update_article_partial" time="0.112" /><testcase classname="backend.tests.backend_test.TestArticles" name="test_click_and_analytics" time="0.115"><failure message="assert 500 == 200&#10; +  where 500 = &lt;Response [500]&gt;.status_code">backend/tests/backend_test.py:231: in test_click_and_analytics
    assert analytics.status_code == 200
E   assert 500 == 200
E    +  where 500 = &lt;Response [500]&gt;.status_code</failure></testcase><testcase classname="backend.tests.backend_test.TestArticles" name="test_standalone_image_upload" time="0.250" /><testcase classname="backend.tests.backend_test.TestArticles" name="test_article_image_upload_attaches" time="0.176" /><testcase classname="backend.tests.backend_test.TestArticles" name="test_delete_cascades_comments" time="0.293" /><testcase classname="backend.tests.backend_test.TestComments" name="test_create_comment_pending" time="0.117" /><testcase classname="backend.tests.backend_test.TestComments" name="test_list_approved_only_default" time="0.082" /><testcase classname="backend.tests.backend_test.TestComments" name="test_list_all_with_flag" time="0.051" /><testcase classname="backend.tests.backend_test.TestComments" name="test_approve_and_delete" time="0.210" /><testcase classname="backend.tests.backend_test.TestComments" name="test_pending_all" time="0.064" /><testcase classname="backend.tests.backend_test.TestComments" name="test_comment_disabled_returns_403" time="0.248" /><testcase classname="backend.tests.backend_test.TestSponsors" name="test_sponsor_crud" time="0.529" /><testcase classname="backend.tests.backend_test.TestArt" name="test_art_flow" time="0.567" /><testcase classname="backend.tests.backend_test.TestPopups" name="test_popup_flow" time="0.396" /><testcase classname="backend.tests.backend_test.TestMural" name="test_pricing_config" time="0.074" /><testcase classname="backend.tests.backend_test.TestMural" name="test_mural_flow_plain_and_featured" time="0.505" /><testcase classname="backend.tests.backend_test.TestMural" name="test_mural_invalid_tier_defaults_to_plain" time="0.121" /><testcase classname="backend.tests.backend_test.TestUploads" name="test_upload_and_fetch" time="0.320" /><testcase classname="backend.tests.backend_test.TestUploads" name="test_upload_nonexistent" time="0.170" /></testsuite></testsuites>